mode: set
github.com/m-faried/pipelines/IStep.go:33.69,35.25 2 1
github.com/m-faried/pipelines/IStep.go:35.25,37.3 1 1
github.com/m-faried/pipelines/IStep.go:38.2,38.22 1 1
github.com/m-faried/pipelines/builder.go:12.61,14.46 1 1
github.com/m-faried/pipelines/builder.go:14.46,15.23 1 1
github.com/m-faried/pipelines/builder.go:15.23,16.32 1 1
github.com/m-faried/pipelines/builder.go:18.3,22.4 1 1
github.com/m-faried/pipelines/builder.go:25.2,25.51 1 1
github.com/m-faried/pipelines/builder.go:25.51,26.23 1 1
github.com/m-faried/pipelines/builder.go:26.23,27.32 1 1
github.com/m-faried/pipelines/builder.go:29.3,32.4 1 1
github.com/m-faried/pipelines/builder.go:35.2,35.47 1 1
github.com/m-faried/pipelines/builder.go:35.47,36.23 1 1
github.com/m-faried/pipelines/builder.go:36.23,37.32 1 1
github.com/m-faried/pipelines/builder.go:39.3,42.4 1 1
github.com/m-faried/pipelines/builder.go:45.2,45.47 1 1
github.com/m-faried/pipelines/builder.go:45.47,46.28 1 1
github.com/m-faried/pipelines/builder.go:46.28,47.32 1 1
github.com/m-faried/pipelines/builder.go:49.3,52.4 1 1
github.com/m-faried/pipelines/builder.go:55.2,55.49 1 1
github.com/m-faried/pipelines/builder.go:55.49,56.70 1 1
github.com/m-faried/pipelines/builder.go:56.70,57.63 1 1
github.com/m-faried/pipelines/builder.go:59.3,59.75 1 1
github.com/m-faried/pipelines/builder.go:59.75,60.95 1 1
github.com/m-faried/pipelines/builder.go:62.3,62.24 1 1
github.com/m-faried/pipelines/builder.go:62.24,63.59 1 1
github.com/m-faried/pipelines/builder.go:65.3,73.4 1 1
github.com/m-faried/pipelines/builder.go:76.2,76.62 1 1
github.com/m-faried/pipelines/builder.go:81.86,86.2 4 1
github.com/m-faried/pipelines/builder.go:88.71,89.19 1 1
github.com/m-faried/pipelines/builder.go:89.19,91.3 1 1
github.com/m-faried/pipelines/builder.go:92.2,95.13 4 1
github.com/m-faried/pipelines/pipeline.go:67.30,68.23 1 1
github.com/m-faried/pipelines/pipeline.go:68.23,78.35 4 1
github.com/m-faried/pipelines/pipeline.go:78.35,80.4 1 1
github.com/m-faried/pipelines/pipeline.go:83.3,83.37 1 1
github.com/m-faried/pipelines/pipeline.go:83.37,90.4 4 1
github.com/m-faried/pipelines/pipeline.go:93.3,98.82 4 1
github.com/m-faried/pipelines/pipeline.go:102.48,103.22 1 1
github.com/m-faried/pipelines/pipeline.go:103.22,112.42 4 1
github.com/m-faried/pipelines/pipeline.go:112.42,114.39 1 1
github.com/m-faried/pipelines/pipeline.go:114.39,117.5 2 1
github.com/m-faried/pipelines/pipeline.go:122.38,125.24 3 1
github.com/m-faried/pipelines/pipeline.go:125.24,127.3 1 1
github.com/m-faried/pipelines/pipeline.go:130.35,133.29 1 1
github.com/m-faried/pipelines/pipeline.go:133.29,135.3 1 1
github.com/m-faried/pipelines/pipeline.go:138.2,147.31 4 1
github.com/m-faried/pipelines/pipeline.go:147.31,149.3 1 1
github.com/m-faried/pipelines/pipeline.go:152.2,152.24 1 1
github.com/m-faried/pipelines/pipeline.go:155.39,156.22 1 1
github.com/m-faried/pipelines/pipeline.go:156.22,158.3 1 1
github.com/m-faried/pipelines/pipeline.go:159.2,160.38 2 1
github.com/m-faried/pipelines/pipeline.go:163.43,164.29 1 1
github.com/m-faried/pipelines/pipeline.go:164.29,165.23 1 1
github.com/m-faried/pipelines/pipeline.go:165.23,167.4 1 1
github.com/m-faried/pipelines/pipeline.go:168.3,169.39 2 1
github.com/m-faried/pipelines/pipeline.go:173.44,177.2 3 1
github.com/m-faried/pipelines/pipeline.go:179.46,183.2 3 1
github.com/m-faried/pipelines/pipeline.go:185.46,190.2 4 1
github.com/m-faried/pipelines/stepBase.go:25.41,27.2 1 1
github.com/m-faried/pipelines/stepBase.go:29.53,31.2 1 1
github.com/m-faried/pipelines/stepBase.go:33.48,35.2 1 1
github.com/m-faried/pipelines/stepBase.go:37.55,39.2 1 1
github.com/m-faried/pipelines/stepBase.go:41.49,43.2 1 1
github.com/m-faried/pipelines/stepBase.go:45.44,47.2 1 1
github.com/m-faried/pipelines/stepBase.go:49.70,51.2 1 1
github.com/m-faried/pipelines/stepBase.go:53.70,55.2 1 1
github.com/m-faried/pipelines/stepBuffered.go:62.72,63.41 1 1
github.com/m-faried/pipelines/stepBuffered.go:63.41,67.3 1 1
github.com/m-faried/pipelines/stepBuffered.go:68.2,69.6 2 1
github.com/m-faried/pipelines/stepBuffered.go:69.6,70.10 1 1
github.com/m-faried/pipelines/stepBuffered.go:71.21,73.10 2 1
github.com/m-faried/pipelines/stepBuffered.go:74.27,75.11 1 1
github.com/m-faried/pipelines/stepBuffered.go:75.11,78.5 2 1
github.com/m-faried/pipelines/stepBuffered.go:79.4,79.36 1 1
github.com/m-faried/pipelines/stepBuffered.go:80.18,82.47 2 1
github.com/m-faried/pipelines/stepBuffered.go:87.49,89.35 2 1
github.com/m-faried/pipelines/stepBuffered.go:89.35,92.3 2 1
github.com/m-faried/pipelines/stepBuffered.go:93.2,94.26 2 1
github.com/m-faried/pipelines/stepBuffered.go:97.60,107.19 4 1
github.com/m-faried/pipelines/stepBuffered.go:107.19,111.25 1 1
github.com/m-faried/pipelines/stepBuffered.go:111.25,113.4 1 1
github.com/m-faried/pipelines/stepBuffered.go:114.3,114.16 1 1
github.com/m-faried/pipelines/stepBuffered.go:118.2,118.36 1 1
github.com/m-faried/pipelines/stepBuffered.go:118.36,120.3 1 1
github.com/m-faried/pipelines/stepBuffered.go:123.2,125.29 2 1
github.com/m-faried/pipelines/stepBuffered.go:125.29,129.3 2 1
github.com/m-faried/pipelines/stepBuffered.go:132.2,132.31 1 1
github.com/m-faried/pipelines/stepBuffered.go:132.31,134.20 2 1
github.com/m-faried/pipelines/stepBuffered.go:134.20,136.4 1 1
github.com/m-faried/pipelines/stepBuffered.go:137.3,137.26 1 1
github.com/m-faried/pipelines/stepBuffered.go:141.56,143.35 1 1
github.com/m-faried/pipelines/stepBuffered.go:143.35,145.3 1 1
github.com/m-faried/pipelines/stepBuffered.go:147.2,152.29 4 1
github.com/m-faried/pipelines/stepBuffered.go:152.29,155.3 2 1
github.com/m-faried/pipelines/stepBuffered.go:158.2,158.31 1 1
github.com/m-faried/pipelines/stepBuffered.go:158.31,160.20 2 1
github.com/m-faried/pipelines/stepBuffered.go:160.20,162.4 1 1
github.com/m-faried/pipelines/stepBuffered.go:163.3,163.26 1 1
github.com/m-faried/pipelines/stepFilter.go:30.70,31.6 1 1
github.com/m-faried/pipelines/stepFilter.go:31.6,32.10 1 1
github.com/m-faried/pipelines/stepFilter.go:33.21,35.10 2 1
github.com/m-faried/pipelines/stepFilter.go:36.27,37.11 1 1
github.com/m-faried/pipelines/stepFilter.go:37.11,40.5 2 1
github.com/m-faried/pipelines/stepFilter.go:41.4,41.25 1 1
github.com/m-faried/pipelines/stepFilter.go:41.25,43.5 1 1
github.com/m-faried/pipelines/stepFilter.go:43.10,45.5 1 1
github.com/m-faried/pipelines/stepFragmenter.go:29.74,30.6 1 1
github.com/m-faried/pipelines/stepFragmenter.go:30.6,31.10 1 1
github.com/m-faried/pipelines/stepFragmenter.go:32.21,34.10 2 1
github.com/m-faried/pipelines/stepFragmenter.go:35.27,36.11 1 1
github.com/m-faried/pipelines/stepFragmenter.go:36.11,39.5 2 1
github.com/m-faried/pipelines/stepFragmenter.go:40.4,41.42 2 1
github.com/m-faried/pipelines/stepFragmenter.go:41.42,45.5 2 1
github.com/m-faried/pipelines/stepFragmenter.go:47.4,47.28 1 1
github.com/m-faried/pipelines/stepResult.go:30.70,31.6 1 1
github.com/m-faried/pipelines/stepResult.go:31.6,32.10 1 1
github.com/m-faried/pipelines/stepResult.go:33.21,35.10 2 1
github.com/m-faried/pipelines/stepResult.go:36.27,37.11 1 1
github.com/m-faried/pipelines/stepResult.go:37.11,40.5 2 1
github.com/m-faried/pipelines/stepResult.go:41.4,42.28 2 1
github.com/m-faried/pipelines/stepStandard.go:40.47,41.27 1 1
github.com/m-faried/pipelines/stepStandard.go:41.27,43.3 1 1
github.com/m-faried/pipelines/stepStandard.go:47.69,48.6 1 1
github.com/m-faried/pipelines/stepStandard.go:48.6,49.10 1 1
github.com/m-faried/pipelines/stepStandard.go:50.21,52.10 2 1
github.com/m-faried/pipelines/stepStandard.go:53.27,54.11 1 1
github.com/m-faried/pipelines/stepStandard.go:54.11,57.5 2 1
github.com/m-faried/pipelines/stepStandard.go:58.4,59.18 2 1
github.com/m-faried/pipelines/stepStandard.go:59.18,63.5 2 1
github.com/m-faried/pipelines/stepStandard.go:63.10,65.5 1 1
