mode: set
github.com/m-faried/pipelines/IStep.go:33.69,35.25 2 1
github.com/m-faried/pipelines/IStep.go:35.25,37.3 1 1
github.com/m-faried/pipelines/IStep.go:38.2,38.22 1 1
github.com/m-faried/pipelines/builder.go:12.61,13.28 1 1
github.com/m-faried/pipelines/builder.go:14.26,15.25 1 1
github.com/m-faried/pipelines/builder.go:16.31,17.30 1 1
github.com/m-faried/pipelines/builder.go:18.27,19.26 1 1
github.com/m-faried/pipelines/builder.go:20.27,21.26 1 1
github.com/m-faried/pipelines/builder.go:22.29,23.28 1 1
github.com/m-faried/pipelines/builder.go:24.10,25.63 1 1
github.com/m-faried/pipelines/builder.go:31.86,36.2 4 1
github.com/m-faried/pipelines/pipeline.go:67.30,68.23 1 1
github.com/m-faried/pipelines/pipeline.go:68.23,78.35 4 1
github.com/m-faried/pipelines/pipeline.go:78.35,80.4 1 1
github.com/m-faried/pipelines/pipeline.go:83.3,83.37 1 1
github.com/m-faried/pipelines/pipeline.go:83.37,90.4 4 1
github.com/m-faried/pipelines/pipeline.go:93.3,98.82 4 1
github.com/m-faried/pipelines/pipeline.go:102.48,103.22 1 1
github.com/m-faried/pipelines/pipeline.go:103.22,112.42 4 1
github.com/m-faried/pipelines/pipeline.go:112.42,114.39 1 1
github.com/m-faried/pipelines/pipeline.go:114.39,117.5 2 1
github.com/m-faried/pipelines/pipeline.go:122.38,125.24 3 1
github.com/m-faried/pipelines/pipeline.go:125.24,127.3 1 1
github.com/m-faried/pipelines/pipeline.go:130.35,133.29 1 1
github.com/m-faried/pipelines/pipeline.go:133.29,135.3 1 1
github.com/m-faried/pipelines/pipeline.go:138.2,147.31 4 1
github.com/m-faried/pipelines/pipeline.go:147.31,149.3 1 1
github.com/m-faried/pipelines/pipeline.go:152.2,152.24 1 1
github.com/m-faried/pipelines/pipeline.go:155.39,156.22 1 1
github.com/m-faried/pipelines/pipeline.go:156.22,158.3 1 1
github.com/m-faried/pipelines/pipeline.go:159.2,160.38 2 1
github.com/m-faried/pipelines/pipeline.go:163.43,164.29 1 1
github.com/m-faried/pipelines/pipeline.go:164.29,165.23 1 1
github.com/m-faried/pipelines/pipeline.go:165.23,167.4 1 1
github.com/m-faried/pipelines/pipeline.go:168.3,169.39 2 1
github.com/m-faried/pipelines/pipeline.go:173.44,177.2 3 1
github.com/m-faried/pipelines/pipeline.go:179.46,183.2 3 1
github.com/m-faried/pipelines/pipeline.go:185.46,190.2 4 1
github.com/m-faried/pipelines/stepBase.go:25.68,26.19 1 1
github.com/m-faried/pipelines/stepBase.go:26.19,28.3 1 1
github.com/m-faried/pipelines/stepBase.go:29.2,32.13 4 1
github.com/m-faried/pipelines/stepBase.go:35.41,37.2 1 1
github.com/m-faried/pipelines/stepBase.go:39.53,41.2 1 1
github.com/m-faried/pipelines/stepBase.go:43.48,45.2 1 1
github.com/m-faried/pipelines/stepBase.go:47.55,49.2 1 1
github.com/m-faried/pipelines/stepBase.go:51.49,53.2 1 1
github.com/m-faried/pipelines/stepBase.go:55.44,57.2 1 1
github.com/m-faried/pipelines/stepBase.go:59.70,61.2 1 1
github.com/m-faried/pipelines/stepBase.go:63.70,65.2 1 1
github.com/m-faried/pipelines/stepBasic.go:40.62,41.27 1 1
github.com/m-faried/pipelines/stepBasic.go:41.27,42.31 1 1
github.com/m-faried/pipelines/stepBasic.go:44.2,48.3 1 1
github.com/m-faried/pipelines/stepBasic.go:51.47,52.27 1 1
github.com/m-faried/pipelines/stepBasic.go:52.27,54.3 1 1
github.com/m-faried/pipelines/stepBasic.go:58.69,60.6 2 1
github.com/m-faried/pipelines/stepBasic.go:60.6,61.10 1 1
github.com/m-faried/pipelines/stepBasic.go:62.21,63.10 1 1
github.com/m-faried/pipelines/stepBasic.go:64.27,65.11 1 1
github.com/m-faried/pipelines/stepBasic.go:65.11,67.5 1 1
github.com/m-faried/pipelines/stepBasic.go:68.4,69.18 2 1
github.com/m-faried/pipelines/stepBasic.go:69.18,73.5 2 1
github.com/m-faried/pipelines/stepBasic.go:73.10,75.5 1 1
github.com/m-faried/pipelines/stepBuffered.go:62.68,63.79 1 1
github.com/m-faried/pipelines/stepBuffered.go:63.79,64.62 1 1
github.com/m-faried/pipelines/stepBuffered.go:66.2,66.84 1 1
github.com/m-faried/pipelines/stepBuffered.go:66.84,67.94 1 1
github.com/m-faried/pipelines/stepBuffered.go:69.2,69.28 1 1
github.com/m-faried/pipelines/stepBuffered.go:69.28,70.58 1 1
github.com/m-faried/pipelines/stepBuffered.go:72.2,80.3 1 1
github.com/m-faried/pipelines/stepBuffered.go:83.72,84.41 1 1
github.com/m-faried/pipelines/stepBuffered.go:84.41,88.3 1 1
github.com/m-faried/pipelines/stepBuffered.go:89.2,92.6 4 1
github.com/m-faried/pipelines/stepBuffered.go:92.6,93.10 1 1
github.com/m-faried/pipelines/stepBuffered.go:94.21,95.10 1 1
github.com/m-faried/pipelines/stepBuffered.go:96.27,97.11 1 1
github.com/m-faried/pipelines/stepBuffered.go:97.11,99.5 1 1
github.com/m-faried/pipelines/stepBuffered.go:100.4,100.36 1 1
github.com/m-faried/pipelines/stepBuffered.go:101.19,102.34 1 1
github.com/m-faried/pipelines/stepBuffered.go:107.49,109.35 2 1
github.com/m-faried/pipelines/stepBuffered.go:109.35,112.3 2 1
github.com/m-faried/pipelines/stepBuffered.go:113.2,114.26 2 1
github.com/m-faried/pipelines/stepBuffered.go:117.60,127.19 4 1
github.com/m-faried/pipelines/stepBuffered.go:127.19,131.25 1 1
github.com/m-faried/pipelines/stepBuffered.go:131.25,133.4 1 1
github.com/m-faried/pipelines/stepBuffered.go:134.3,134.16 1 1
github.com/m-faried/pipelines/stepBuffered.go:138.2,138.36 1 1
github.com/m-faried/pipelines/stepBuffered.go:138.36,140.3 1 1
github.com/m-faried/pipelines/stepBuffered.go:143.2,145.29 2 1
github.com/m-faried/pipelines/stepBuffered.go:145.29,149.3 2 1
github.com/m-faried/pipelines/stepBuffered.go:152.2,152.31 1 1
github.com/m-faried/pipelines/stepBuffered.go:152.31,154.20 2 1
github.com/m-faried/pipelines/stepBuffered.go:154.20,156.4 1 1
github.com/m-faried/pipelines/stepBuffered.go:157.3,157.26 1 1
github.com/m-faried/pipelines/stepBuffered.go:161.56,163.35 1 1
github.com/m-faried/pipelines/stepBuffered.go:163.35,165.3 1 1
github.com/m-faried/pipelines/stepBuffered.go:167.2,172.29 4 1
github.com/m-faried/pipelines/stepBuffered.go:172.29,175.3 2 1
github.com/m-faried/pipelines/stepBuffered.go:178.2,178.31 1 1
github.com/m-faried/pipelines/stepBuffered.go:178.31,180.20 2 1
github.com/m-faried/pipelines/stepBuffered.go:180.20,182.4 1 1
github.com/m-faried/pipelines/stepBuffered.go:183.3,183.26 1 1
github.com/m-faried/pipelines/stepFilter.go:29.64,30.32 1 1
github.com/m-faried/pipelines/stepFilter.go:30.32,31.31 1 1
github.com/m-faried/pipelines/stepFilter.go:33.2,36.3 1 1
github.com/m-faried/pipelines/stepFilter.go:40.70,42.6 2 1
github.com/m-faried/pipelines/stepFilter.go:42.6,43.10 1 1
github.com/m-faried/pipelines/stepFilter.go:44.21,45.10 1 1
github.com/m-faried/pipelines/stepFilter.go:46.27,47.11 1 1
github.com/m-faried/pipelines/stepFilter.go:47.11,49.5 1 1
github.com/m-faried/pipelines/stepFilter.go:50.4,50.25 1 1
github.com/m-faried/pipelines/stepFilter.go:50.25,52.5 1 1
github.com/m-faried/pipelines/stepFilter.go:52.10,54.5 1 1
github.com/m-faried/pipelines/stepFragmenter.go:29.72,30.27 1 1
github.com/m-faried/pipelines/stepFragmenter.go:30.27,31.31 1 1
github.com/m-faried/pipelines/stepFragmenter.go:33.2,36.3 1 1
github.com/m-faried/pipelines/stepFragmenter.go:39.74,41.6 2 1
github.com/m-faried/pipelines/stepFragmenter.go:41.6,42.10 1 1
github.com/m-faried/pipelines/stepFragmenter.go:43.21,44.10 1 1
github.com/m-faried/pipelines/stepFragmenter.go:45.27,46.11 1 1
github.com/m-faried/pipelines/stepFragmenter.go:46.11,48.5 1 1
github.com/m-faried/pipelines/stepFragmenter.go:49.4,50.42 2 1
github.com/m-faried/pipelines/stepFragmenter.go:50.42,54.5 2 1
github.com/m-faried/pipelines/stepFragmenter.go:56.4,56.28 1 1
github.com/m-faried/pipelines/stepResult.go:30.64,31.27 1 1
github.com/m-faried/pipelines/stepResult.go:31.27,32.31 1 1
github.com/m-faried/pipelines/stepResult.go:34.2,37.3 1 1
github.com/m-faried/pipelines/stepResult.go:40.70,42.6 2 1
github.com/m-faried/pipelines/stepResult.go:42.6,43.10 1 1
github.com/m-faried/pipelines/stepResult.go:44.21,45.10 1 1
github.com/m-faried/pipelines/stepResult.go:46.27,47.11 1 1
github.com/m-faried/pipelines/stepResult.go:47.11,49.5 1 1
github.com/m-faried/pipelines/stepResult.go:50.4,51.28 2 1
